[Sutter]
initiativebase	8,65
initiative	8,65
hits	53
temphits	0
maxhits	53
status	
picturefile	C:\Documents and Settings\Ville\My Documents\Dropbox\DD5\pics\Fighter.jpg
location	87,5:43,375
size	5
[Michel In]
initiativebase	9,8
initiative	9,8
hits	26
temphits	0
maxhits	26
status	
picturefile	C:\Documents and Settings\Ville\My Documents\Dropbox\DD5\pics\ominous_wizard_by_capprotti-d51w2g0.jpg
location	84,375:58,375
size	5
[Azugar]
initiativebase	4,67
initiative	4,67
hits	20
temphits	0
maxhits	20
status	
picturefile	C:\Documents and Settings\Ville\My Documents\Dropbox\DD5\pics\Enchantress.jpg
location	64,125:42,625
size	5
[Daerin]
initiativebase	21,32
initiative	21,32
hits	40
temphits	0
maxhits	40
status	
picturefile	C:\Documents and Settings\Ville\My Documents\Dropbox\DD5\pics\male_elven_archer_by_vynthallas-d3ehotf.jpg
location	79,75:69
size	5
[Verna]
initiativebase	21,24
initiative	21,24
hits	30
temphits	0
maxhits	30
status	
picturefile	C:\Documents and Settings\Ville\My Documents\Dropbox\DD5\pics\lightfoot_halfling__female__by_conceptopolis-d5rsk2u.jpg
location	56,375:61
size	5
[Jaska]
initiativebase	14,69
initiative	14,69
hits	22
temphits	0
maxhits	22
status	
picturefile	C:\Documents and Settings\Ville\My Documents\Dropbox\DD5\pics\garden_gnome_by_duplex2.jpg
location	78,125:50,875
size	5
